<?xml version="1.0" encoding="UTF-8"?>
<!-- Generated by org.testng.reporters.JUnitReportReporter -->
<testsuite hostname="BLR-5CD1407ZBX" failures="0" tests="1" name="com.rest.testcases.ComplexJsonParseWithTestng" time="0.883" errors="0" timestamp="2023-06-16T11:46:44 IST" skipped="0">
  <testcase classname="com.rest.testcases.ComplexJsonParseWithTestng" name="sumOfCourses" time="0.883"/>
  <system-out/>
</testsuite> <!-- com.rest.testcases.ComplexJsonParseWithTestng -->
