<?xml version="1.0" encoding="UTF-8"?>
<!-- Generated by org.testng.reporters.JUnitReportReporter -->
<testsuite hostname="BLR-5CD1407ZBX" failures="0" tests="1" name="com.rest.testcases.ComplexJsonParseWithTestng2" time="0.906" errors="0" timestamp="2023-06-16T14:32:00 IST" skipped="0">
  <testcase classname="com.rest.testcases.ComplexJsonParseWithTestng2" name="practice" time="0.906"/>
  <system-out/>
</testsuite> <!-- com.rest.testcases.ComplexJsonParseWithTestng2 -->
