<?xml version="1.0" encoding="UTF-8"?>
<!-- Generated by org.testng.reporters.JUnitReportReporter -->
<testsuite hostname="BLR-5CD1407ZBX" failures="0" tests="1" name="com.rest.testcases.testngTest" time="0.012" errors="0" timestamp="2023-06-15T20:21:47 IST" skipped="0">
  <testcase classname="com.rest.testcases.testngTest" name="test" time="0.012"/>
  <system-out/>
</testsuite> <!-- com.rest.testcases.testngTest -->
